<?xml version="1.0" encoding="UTF-8"?>
<testsuite xmlns:xsi="http://www.w3.org/2001/XMLSchema-instance" xsi:noNamespaceSchemaLocation="https://maven.apache.org/surefire/maven-surefire-plugin/xsd/surefire-test-report.xsd" name="rpggamev2.AppTest" time="0.076" tests="4" errors="0" skipped="0" failures="0">
  <properties>
[...]
</properties>
  <testcase name="checkAudio" classname="rpggamev2.AppTest" time="0.006"/>
  <testcase name="checkImages" classname="rpggamev2.AppTest" time="0.002"/>
  <testcase name="checkMap" classname="rpggamev2.AppTest" time="0.004"/>
  <testcase name="assertTest" classname="rpggamev2.AppTest" time="0.002"/>
</testsuite>